         1159224 function calls (1156976 primitive calls) in 0.193 seconds

   Ordered by: cumulative time

   ncalls  tottime  percall  cumtime  percall filename:lineno(function)
        8    0.000    0.000    0.217    0.027 __init__.py:1(<module>)
     94/1    0.000    0.000    0.193    0.193 {built-in method builtins.exec}
        1    0.013    0.013    0.193    0.193 matmult.py:1(<module>)
    107/2    0.000    0.000    0.104    0.052 <frozen importlib._bootstrap>:1349(_find_and_load)
    107/2    0.000    0.000    0.104    0.052 <frozen importlib._bootstrap>:1304(_find_and_load_unlocked)
    104/2    0.000    0.000    0.104    0.052 <frozen importlib._bootstrap>:911(_load_unlocked)
     93/2    0.000    0.000    0.104    0.052 <frozen importlib._bootstrap_external>:993(exec_module)
    261/4    0.000    0.000    0.102    0.026 <frozen importlib._bootstrap>:480(_call_with_frames_removed)
    390/4    0.000    0.000    0.085    0.021 {built-in method builtins.__import__}
   145/19    0.000    0.000    0.083    0.004 <frozen importlib._bootstrap>:1390(_handle_fromlist)
   125250    0.011    0.000    0.074    0.000 random.py:332(randint)
   125250    0.025    0.000    0.063    0.000 random.py:291(randrange)
        1    0.000    0.000    0.059    0.059 __config__.py:1(<module>)
       93    0.000    0.000    0.032    0.000 <frozen importlib._bootstrap_external>:1066(get_code)
        1    0.000    0.000    0.029    0.029 multiarray.py:1(<module>)
   125250    0.018    0.000    0.029    0.000 random.py:242(_randbelow_with_getrandbits)
      175    0.000    0.000    0.027    0.000 <frozen importlib._bootstrap_external>:1187(get_data)
      104    0.000    0.000    0.026    0.000 <frozen importlib._bootstrap>:806(module_from_spec)
       11    0.000    0.000    0.025    0.002 <frozen importlib._bootstrap_external>:1291(create_module)
       11    0.025    0.002    0.025    0.002 {built-in method _imp.create_dynamic}
      175    0.020    0.000    0.020    0.000 {method 'read' of '_io.BufferedReader' objects}
        1    0.000    0.000    0.015    0.015 _arraypad_impl.py:1(<module>)
        1    0.000    0.000    0.015    0.015 _index_tricks_impl.py:1(<module>)
        1    0.000    0.000    0.013    0.013 defmatrix.py:1(<module>)
        1    0.000    0.000    0.012    0.012 _linalg.py:1(<module>)
     11/9    0.000    0.000    0.012    0.001 <frozen importlib._bootstrap_external>:1299(exec_module)
     11/9    0.006    0.001    0.012    0.001 {built-in method _imp.exec_dynamic}
        1    0.000    0.000    0.010    0.010 einsumfunc.py:1(<module>)
   375751    0.009    0.000    0.009    0.000 {built-in method _operator.index}
        1    0.000    0.000    0.009    0.009 numeric.py:1(<module>)
        1    0.000    0.000    0.007    0.007 __init__.py:835(_mac_os_check)
        1    0.000    0.000    0.006    0.006 shape_base.py:1(<module>)
        1    0.000    0.000    0.006    0.006 _polynomial_impl.py:458(polyfit)
        1    0.000    0.000    0.006    0.006 _add_newdocs.py:1(<module>)
      106    0.000    0.000    0.006    0.000 <frozen importlib._bootstrap>:1240(_find_spec)
      373    0.003    0.000    0.006    0.000 inspect.py:882(cleandoc)
        1    0.000    0.000    0.006    0.006 fromnumeric.py:1(<module>)
      350    0.000    0.000    0.006    0.000 function_base.py:490(add_newdoc)
      175    0.006    0.000    0.006    0.000 {built-in method _io.open_code}
   125250    0.005    0.000    0.005    0.000 {method 'bit_length' of 'int' objects}
  254/130    0.000    0.000    0.005    0.000 typing.py:392(inner)
   158628    0.005    0.000    0.005    0.000 {method 'getrandbits' of '_random.Random' objects}
        1    0.000    0.000    0.005    0.005 random.py:1(<module>)
      106    0.000    0.000    0.005    0.000 <frozen importlib._bootstrap_external>:1524(find_spec)
      106    0.000    0.000    0.005    0.000 <frozen importlib._bootstrap_external>:1495(_get_spec)
      350    0.000    0.000    0.005    0.000 function_base.py:474(_add_docstring)
        1    0.000    0.000    0.005    0.005 _methods.py:1(<module>)
        1    0.000    0.000    0.004    0.004 pickle.py:1(<module>)
      161    0.001    0.000    0.004    0.000 <frozen importlib._bootstrap_external>:1597(find_spec)
        1    0.004    0.004    0.004    0.004 _linalg.py:536(inv)
      264    0.000    0.000    0.004    0.000 overrides.py:145(decorator)
       93    0.000    0.000    0.004    0.000 <frozen importlib._bootstrap_external>:755(_compile_bytecode)
       93    0.003    0.000    0.003    0.000 {built-in method marshal.loads}
        1    0.000    0.000    0.003    0.003 _internal.py:1(<module>)
        1    0.000    0.000    0.003    0.003 _array_like.py:1(<module>)
  143/142    0.001    0.000    0.003    0.000 {built-in method builtins.__build_class__}
        1    0.000    0.000    0.002    0.002 _npyio_impl.py:1(<module>)
       53    0.000    0.000    0.002    0.000 _add_newdocs.py:3381(_array_method_doc)
      197    0.000    0.000    0.002    0.000 typing.py:1269(__init__)
        1    0.000    0.000    0.002    0.002 numerictypes.py:1(<module>)
   101/31    0.000    0.000    0.002    0.000 typing.py:1294(__getitem__)
        1    0.000    0.000    0.002    0.002 _char_codes.py:1(<module>)
        1    0.002    0.002    0.002    0.002 _linalg.py:2417(lstsq)
       50    0.000    0.000    0.002    0.000 typing.py:521(__getitem__)
       23    0.000    0.000    0.002    0.000 overrides.py:184(decorator)
        1    0.000    0.000    0.002    0.002 _dtype_like.py:1(<module>)
       50    0.000    0.000    0.002    0.000 typing.py:753(Literal)
      307    0.001    0.000    0.002    0.000 <frozen importlib._bootstrap>:304(acquire)
        1    0.000    0.000    0.002    0.002 _globals.py:1(<module>)
      398    0.000    0.000    0.002    0.000 <frozen importlib._bootstrap_external>:140(_path_stat)
        1    0.000    0.000    0.002    0.002 struct.py:1(<module>)
      398    0.001    0.000    0.001    0.000 {built-in method posix.stat}
       67    0.000    0.000    0.001    0.000 typing.py:515(__getitem__)
       67    0.000    0.000    0.001    0.000 typing.py:694(Union)
      200    0.000    0.000    0.001    0.000 <frozen importlib._bootstrap>:463(_lock_unlock_module)
   101/31    0.000    0.000    0.001    0.000 typing.py:1326(_determine_new_args)
   101/31    0.000    0.000    0.001    0.000 typing.py:1355(_make_substitution)
        1    0.000    0.000    0.001    0.001 printoptions.py:1(<module>)
        1    0.000    0.000    0.001    0.001 format.py:1(<module>)
        1    0.000    0.000    0.001    0.001 bisect.py:1(<module>)
      175    0.001    0.000    0.001    0.000 {method '__exit__' of '_io._IOBase' objects}
       53    0.000    0.000    0.001    0.000 textwrap.py:419(dedent)
      229    0.000    0.000    0.001    0.000 overrides.py:86(verify_matching_signatures)
        3    0.001    0.000    0.001    0.000 {built-in method numpy.array}
        1    0.000    0.000    0.001    0.001 datetime.py:1(<module>)
        1    0.000    0.000    0.001    0.001 contextvars.py:1(<module>)
        8    0.000    0.000    0.001    0.000 <frozen importlib._bootstrap_external>:1648(_fill_cache)
      201    0.000    0.000    0.001    0.000 typing.py:262(_collect_parameters)
        1    0.000    0.000    0.001    0.001 _polynomial_impl.py:1(<module>)
      107    0.000    0.000    0.001    0.000 <frozen importlib._bootstrap>:416(__enter__)
      104    0.000    0.000    0.001    0.000 <frozen importlib._bootstrap>:733(_init_module_attrs)
        8    0.001    0.000    0.001    0.000 {built-in method posix.listdir}
      128    0.000    0.000    0.001    0.000 <frozen importlib._bootstrap_external>:159(_path_isfile)
      166    0.000    0.000    0.001    0.000 __init__.py:280(_compile)
      136    0.000    0.000    0.001    0.000 <frozen importlib._bootstrap_external>:150(_path_is_mode_type)
        1    0.000    0.000    0.001    0.001 _format_impl.py:1(<module>)
      182    0.000    0.000    0.001    0.000 <frozen importlib._bootstrap_external>:1473(_path_importer_cache)
      307    0.000    0.000    0.001    0.000 <frozen importlib._bootstrap>:162(__enter__)
      186    0.000    0.000    0.001    0.000 <frozen importlib._bootstrap_external>:486(cache_from_source)
        1    0.001    0.001    0.001    0.001 __init__.py:873(blas_fpe_check)
      862    0.000    0.000    0.001    0.000 <frozen importlib._bootstrap_external>:126(_path_join)
     1379    0.000    0.000    0.001    0.000 typing.py:1215(__setattr__)
       24    0.000    0.000    0.001    0.000 typing.py:1288(__or__)
17999/17969    0.001    0.000    0.001    0.000 {built-in method builtins.len}
        1    0.000    0.000    0.001    0.001 _function_base_impl.py:1(<module>)
        9    0.000    0.000    0.001    0.000 _compiler.py:745(compile)
    13491    0.001    0.000    0.001    0.000 {built-in method builtins.isinstance}
        1    0.000    0.000    0.001    0.001 overrides.py:1(<module>)
     9114    0.001    0.000    0.001    0.000 {method 'lstrip' of 'str' objects}
       31    0.000    0.000    0.001    0.000 typing.py:1589(copy_with)
      269    0.000    0.000    0.001    0.000 functools.py:35(update_wrapper)
     6429    0.001    0.000    0.001    0.000 {built-in method builtins.getattr}
      458    0.000    0.000    0.001    0.000 _inspect.py:97(getargspec)
     6827    0.001    0.000    0.001    0.000 {built-in method builtins.min}
        1    0.000    0.000    0.001    0.001 _add_newdocs_scalars.py:1(<module>)
      307    0.000    0.000    0.001    0.000 <frozen importlib._bootstrap>:124(setdefault)
        7    0.000    0.000    0.001    0.000 __init__.py:226(compile)
      197    0.000    0.000    0.001    0.000 <frozen importlib._bootstrap>:632(cached)
       21    0.001    0.000    0.001    0.000 {built-in method posix.getcwd}
     1744    0.000    0.000    0.001    0.000 typing.py:1161(_is_dunder)
      104    0.000    0.000    0.001    0.000 <frozen importlib._bootstrap_external>:615(_get_cached)
       24    0.000    0.000    0.001    0.000 inspect.py:3346(signature)
       24    0.000    0.000    0.001    0.000 inspect.py:3081(from_callable)
      106    0.001    0.000    0.001    0.000 {method 'sub' of 're.Pattern' objects}
       24    0.000    0.000    0.000    0.000 inspect.py:2501(_signature_from_callable)
      197    0.000    0.000    0.000    0.000 typing.py:1174(__init__)
        8    0.000    0.000    0.000    0.000 typing.py:2814(__new__)
       10    0.000    0.000    0.000    0.000 __init__.py:355(namedtuple)
      323    0.000    0.000    0.000    0.000 typing.py:175(_type_check)
       70    0.000    0.000    0.000    0.000 typing.py:1417(copy_with)
        1    0.000    0.000    0.000    0.000 _twodim_base_impl.py:1(<module>)
        1    0.000    0.000    0.000    0.000 scimath.py:1(<module>)
        1    0.000    0.000    0.000    0.000 _utils_impl.py:1(<module>)
      255    0.000    0.000    0.000    0.000 typing.py:730(<genexpr>)
     4462    0.000    0.000    0.000    0.000 typing.py:1630(<genexpr>)
        1    0.000    0.000    0.000    0.000 _type_check_impl.py:1(<module>)
      307    0.000    0.000    0.000    0.000 <frozen importlib._bootstrap>:372(release)
       82    0.000    0.000    0.000    0.000 {built-in method _imp.source_hash}
        9    0.000    0.000    0.000    0.000 _parser.py:969(parse)
       24    0.000    0.000    0.000    0.000 inspect.py:2397(_signature_from_function)
        8    0.000    0.000    0.000    0.000 typing.py:2795(_make_nmtuple)
      377    0.000    0.000    0.000    0.000 {method 'split' of 'str' objects}
     15/9    0.000    0.000    0.000    0.000 _parser.py:452(_parse_sub)
      458    0.000    0.000    0.000    0.000 _inspect.py:66(getargs)
  788/783    0.000    0.000    0.000    0.000 {built-in method __new__ of type object at 0x101177330}
     1471    0.000    0.000    0.000    0.000 {method 'join' of 'str' objects}
     2902    0.000    0.000    0.000    0.000 {built-in method builtins.hasattr}
      307    0.000    0.000    0.000    0.000 <frozen importlib._bootstrap>:426(_get_module_lock)
       53    0.000    0.000    0.000    0.000 __init__.py:179(sub)
     15/9    0.000    0.000    0.000    0.000 _parser.py:512(_parse)
       76    0.000    0.000    0.000    0.000 typing.py:1640(__hash__)
       93    0.000    0.000    0.000    0.000 <frozen importlib._bootstrap_external>:1206(path_stats)
       25    0.000    0.000    0.000    0.000 dtypes.py:30(_add_dtype_helper)
      104    0.000    0.000    0.000    0.000 <frozen importlib._bootstrap_external>:1592(_get_spec)
       27    0.000    0.000    0.000    0.000 _add_newdocs_scalars.py:76(add_newdoc_for_scalar_type)
     3052    0.000    0.000    0.000    0.000 {method 'startswith' of 'str' objects}
        1    0.000    0.000    0.000    0.000 _arraysetops_impl.py:1(<module>)
        9    0.000    0.000    0.000    0.000 _compiler.py:578(_code)
       53    0.000    0.000    0.000    0.000 {method 'findall' of 're.Pattern' objects}
      186    0.000    0.000    0.000    0.000 <frozen importlib._bootstrap_external>:132(_path_split)
      373    0.000    0.000    0.000    0.000 {method 'expandtabs' of 'str' objects}
     3377    0.000    0.000    0.000    0.000 {method 'append' of 'list' objects}
      106    0.000    0.000    0.000    0.000 __init__.py:164(match)
        1    0.000    0.000    0.000    0.000 array_utils.py:1(<module>)
       10    0.000    0.000    0.000    0.000 {built-in method builtins.eval}
        1    0.000    0.000    0.000    0.000 __init__.py:809(_sanity_check)
        1    0.000    0.000    0.000    0.000 function_base.py:27(linspace)
       67    0.000    0.000    0.000    0.000 typing.py:345(_remove_dups_flatten)
      104    0.000    0.000    0.000    0.000 <frozen importlib._bootstrap_external>:806(spec_from_file_location)
      117    0.000    0.000    0.000    0.000 typing.py:317(_deduplicate)
      107    0.000    0.000    0.000    0.000 <frozen importlib._bootstrap>:420(__exit__)
       11    0.000    0.000    0.000    0.000 <frozen abc>:105(__new__)
      365    0.000    0.000    0.000    0.000 typing.py:1205(__getattr__)
        1    0.000    0.000    0.000    0.000 arrayprint.py:1(<module>)
       11    0.000    0.000    0.000    0.000 typing.py:1291(__ror__)
      128    0.000    0.000    0.000    0.000 {built-in method fromkeys}
        1    0.000    0.000    0.000    0.000 _scimath_impl.py:1(<module>)
        2    0.000    0.000    0.000    0.000 enum.py:528(__new__)
     1910    0.000    0.000    0.000    0.000 {method 'rstrip' of 'str' objects}
      375    0.000    0.000    0.000    0.000 {built-in method numpy._core._multiarray_umath.add_docstring}
     29/9    0.000    0.000    0.000    0.000 _compiler.py:37(_compile)
     1708    0.000    0.000    0.000    0.000 {built-in method builtins.setattr}
        8    0.000    0.000    0.000    0.000 <frozen importlib._bootstrap_external>:1460(_path_hooks)
        3    0.000    0.000    0.000    0.000 warnings.py:133(filterwarnings)
        1    0.000    0.000    0.000    0.000 _type_aliases.py:1(<module>)
        1    0.000    0.000    0.000    0.000 numbers.py:1(<module>)
      186    0.000    0.000    0.000    0.000 {built-in method builtins.max}
      307    0.000    0.000    0.000    0.000 <frozen importlib._bootstrap>:74(__new__)
       93    0.000    0.000    0.000    0.000 <frozen importlib._bootstrap_external>:670(_classify_pyc)
        1    0.000    0.000    0.000    0.000 platform.py:1(<module>)
     1465    0.000    0.000    0.000    0.000 {method 'endswith' of 'str' objects}
      350    0.000    0.000    0.000    0.000 function_base.py:456(_needs_add_docstring)
      104    0.000    0.000    0.000    0.000 typing.py:1004(_typevar_subst)
       75    0.000    0.000    0.000    0.000 inspect.py:2743(__init__)
       50    0.000    0.000    0.000    0.000 typing.py:361(_flatten_literal_params)
        1    0.000    0.000    0.000    0.000 _nanfunctions_impl.py:1(<module>)
      186    0.000    0.000    0.000    0.000 typing.py:988(_is_unpacked_typevartuple)
      699    0.000    0.000    0.000    0.000 {method 'rpartition' of 'str' objects}
       10    0.000    0.000    0.000    0.000 typing.py:1074(_generic_class_getitem)
      307    0.000    0.000    0.000    0.000 <frozen importlib._bootstrap>:82(remove)
        8    0.000    0.000    0.000    0.000 <frozen importlib._bootstrap_external>:1689(path_hook_for_FileFinder)
  533/455    0.000    0.000    0.000    0.000 typing.py:1285(__hash__)
      458    0.000    0.000    0.000    0.000 <string>:1(<lambda>)
        1    0.000    0.000    0.000    0.000 _exceptions.py:1(<module>)
        1    0.000    0.000    0.000    0.000 _shape_base_impl.py:1(<module>)
      106    0.000    0.000    0.000    0.000 __init__.py:101(find_spec)
      948    0.000    0.000    0.000    0.000 <frozen importlib._bootstrap>:491(_verbose_message)
      956    0.000    0.000    0.000    0.000 {method 'pop' of 'list' objects}
      307    0.000    0.000    0.000    0.000 <frozen importlib._bootstrap>:173(__exit__)
        1    0.000    0.000    0.000    0.000 exceptions.py:1(<module>)
      424    0.000    0.000    0.000    0.000 <frozen importlib._bootstrap>:1226(__exit__)
      307    0.000    0.000    0.000    0.000 <frozen importlib._bootstrap>:79(__init__)
      106    0.000    0.000    0.000    0.000 <frozen importlib._bootstrap>:445(cb)
    383/1    0.000    0.000    0.000    0.000 __config__.py:19(_cleanup)
        5    0.000    0.000    0.000    0.000 typing.py:1855(__new__)
      146    0.000    0.000    0.000    0.000 {method 'extend' of 'list' objects}
      424    0.000    0.000    0.000    0.000 <frozen importlib._bootstrap>:1222(__enter__)
        1    0.000    0.000    0.000    0.000 _distributor_init.py:1(<module>)
      372    0.000    0.000    0.000    0.000 <frozen importlib._bootstrap_external>:134(<genexpr>)
     2267    0.000    0.000    0.000    0.000 typing.py:1273(<genexpr>)
      682    0.000    0.000    0.000    0.000 typing.py:1279(__eq__)
        1    0.000    0.000    0.000    0.000 _compat_pickle.py:1(<module>)
        8    0.000    0.000    0.000    0.000 <frozen importlib._bootstrap_external>:1571(__init__)
      115    0.000    0.000    0.000    0.000 <frozen importlib._bootstrap_external>:84(_unpack_uint32)
      167    0.000    0.000    0.000    0.000 {method 'format' of 'str' objects}
      228    0.000    0.000    0.000    0.000 <frozen importlib._bootstrap>:645(parent)
        9    0.000    0.000    0.000    0.000 _compiler.py:516(_compile_info)
        1    0.000    0.000    0.000    0.000 _nested_sequence.py:1(<module>)
      106    0.000    0.000    0.000    0.000 <frozen importlib._bootstrap>:1128(find_spec)
      448    0.000    0.000    0.000    0.000 typing.py:166(_type_convert)
      458    0.000    0.000    0.000    0.000 _inspect.py:13(ismethod)
      614    0.000    0.000    0.000    0.000 {method '__exit__' of '_thread.RLock' objects}
      112    0.000    0.000    0.000    0.000 <frozen importlib._bootstrap_external>:185(_path_abspath)
       13    0.000    0.000    0.000    0.000 enum.py:390(__setitem__)
      837    0.000    0.000    0.000    0.000 {built-in method _imp.acquire_lock}
     1736    0.000    0.000    0.000    0.000 typing.py:781(<genexpr>)
       38    0.000    0.000    0.000    0.000 {method '__typing_subst__' of 'typing.TypeVar' objects}
      106    0.000    0.000    0.000    0.000 <frozen importlib._bootstrap>:232(__init__)
      837    0.000    0.000    0.000    0.000 {built-in method _imp.release_lock}
       63    0.000    0.000    0.000    0.000 typing.py:1600(__hash__)
        1    0.000    0.000    0.000    0.000 _nbit_base.py:1(<module>)
        5    0.000    0.000    0.000    0.000 enum.py:254(__set_name__)
        1    0.000    0.000    0.000    0.000 _ufunclike_impl.py:1(<module>)
        1    0.000    0.000    0.000    0.000 function_base.py:1(<module>)
  672/594    0.000    0.000    0.000    0.000 {built-in method builtins.hash}
      458    0.000    0.000    0.000    0.000 _inspect.py:26(isfunction)
        1    0.000    0.000    0.000    0.000 _iotools.py:1(<module>)
      465    0.000    0.000    0.000    0.000 {method 'get' of 'dict' objects}
      458    0.000    0.000    0.000    0.000 _inspect.py:41(iscode)
        1    0.000    0.000    0.000    0.000 _endian.py:1(<module>)
       24    0.000    0.000    0.000    0.000 inspect.py:3029(__init__)
      216    0.000    0.000    0.000    0.000 typing.py:1320(<genexpr>)
        1    0.000    0.000    0.000    0.000 records.py:1(<module>)
       12    0.000    0.000    0.000    0.000 _compiler.py:243(_optimize_charset)
       18    0.000    0.000    0.000    0.000 enum.py:1561(__and__)
      614    0.000    0.000    0.000    0.000 {built-in method _thread.get_ident}
       93    0.000    0.000    0.000    0.000 <frozen importlib._bootstrap_external>:647(_check_name_wrapper)
        1    0.000    0.000    0.000    0.000 numbers.py:319(Integral)
       42    0.000    0.000    0.000    0.000 <frozen abc>:7(abstractmethod)
      106    0.000    0.000    0.000    0.000 <frozen importlib._bootstrap>:982(find_spec)
        1    0.000    0.000    0.000    0.000 getlimits.py:1(<module>)
        1    0.000    0.000    0.000    0.000 _globals.py:66(_CopyMode)
      112    0.000    0.000    0.000    0.000 <frozen importlib._bootstrap_external>:180(_path_isabs)
        2    0.000    0.000    0.000    0.000 enum.py:513(__prepare__)
      101    0.000    0.000    0.000    0.000 typing.py:307(_unpack_args)
        1    0.000    0.000    0.000    0.000 umath.py:1(<module>)
        1    0.000    0.000    0.000    0.000 _stride_tricks_impl.py:1(<module>)
       64    0.000    0.000    0.000    0.000 <frozen importlib._bootstrap_external>:1577(<genexpr>)
        2    0.000    0.000    0.000    0.000 typing.py:2888(__new__)
      392    0.000    0.000    0.000    0.000 {method 'add' of 'set' objects}
      256    0.000    0.000    0.000    0.000 typing.py:1592(__eq__)
       93    0.000    0.000    0.000    0.000 enum.py:720(__call__)
        8    0.000    0.000    0.000    0.000 <frozen zipimport>:64(__init__)
      229    0.000    0.000    0.000    0.000 _parser.py:168(__getitem__)
        6    0.000    0.000    0.000    0.000 numeric.py:2737(extend_all)
        1    0.000    0.000    0.000    0.000 random.py:126(__init__)
       93    0.000    0.000    0.000    0.000 {built-in method _imp._fix_co_filename}
      311    0.000    0.000    0.000    0.000 {method 'remove' of 'list' objects}
       14    0.000    0.000    0.000    0.000 __init__.py:145(_check_size)
      179    0.000    0.000    0.000    0.000 _parser.py:261(get)
        5    0.000    0.000    0.000    0.000 typing.py:1999(__init_subclass__)
        1    0.000    0.000    0.000    0.000 random.py:135(seed)
      307    0.000    0.000    0.000    0.000 {built-in method _weakref._remove_dead_weakref}
        1    0.000    0.000    0.000    0.000 _twodim_base_impl.py:560(vander)
      279    0.000    0.000    0.000    0.000 {method 'update' of 'dict' objects}
      405    0.000    0.000    0.000    0.000 {built-in method builtins.globals}
       93    0.000    0.000    0.000    0.000 <frozen importlib._bootstrap>:48(_new_module)
      108    0.000    0.000    0.000    0.000 __init__.py:28(decorator)
       21    0.000    0.000    0.000    0.000 overrides.py:25(get_array_function_like_doc)
        2    0.000    0.000    0.000    0.000 numeric.py:170(ones)
        1    0.000    0.000    0.000    0.000 _histograms_impl.py:1(<module>)
       24    0.000    0.000    0.000    0.000 inspect.py:176(get_annotations)
       11    0.000    0.000    0.000    0.000 {built-in method _abc._abc_init}
      186    0.000    0.000    0.000    0.000 {method 'rfind' of 'str' objects}
        1    0.000    0.000    0.000    0.000 _version.py:1(<module>)
      161    0.000    0.000    0.000    0.000 <frozen importlib._bootstrap_external>:67(_relax_case)
        7    0.000    0.000    0.000    0.000 <frozen abc>:110(register)
       24    0.000    0.000    0.000    0.000 inspect.py:754(unwrap)
        1    0.000    0.000    0.000    0.000 {function Random.seed at 0x102983a60}
        1    0.000    0.000    0.000    0.000 {method 'accumulate' of 'numpy.ufunc' objects}
    34/14    0.000    0.000    0.000    0.000 _parser.py:178(getwidth)
        7    0.000    0.000    0.000    0.000 {built-in method _abc._abc_register}
      264    0.000    0.000    0.000    0.000 {method 'lower' of 'str' objects}
        1    0.000    0.000    0.000    0.000 _ufunc_config.py:1(<module>)
      290    0.000    0.000    0.000    0.000 {built-in method posix.fspath}
      106    0.000    0.000    0.000    0.000 {built-in method _imp.is_builtin}
      307    0.000    0.000    0.000    0.000 <frozen importlib._bootstrap>:158(__init__)
        1    0.000    0.000    0.000    0.000 mixins.py:1(<module>)
     16/7    0.000    0.000    0.000    0.000 <frozen abc>:121(__subclasscheck__)
      264    0.000    0.000    0.000    0.000 overrides.py:108(array_function_dispatch)
        1    0.000    0.000    0.000    0.000 memmap.py:1(<module>)
        1    0.000    0.000    0.000    0.000 numerictypes.py:626(_register_types)
       26    0.000    0.000    0.000    0.000 {method 'replace' of 'str' objects}
     16/7    0.000    0.000    0.000    0.000 {built-in method _abc._abc_subclasscheck}
        5    0.000    0.000    0.000    0.000 {method '__init_subclass__' of 'object' objects}
        5    0.000    0.000    0.000    0.000 typing.py:1874(__init__)
        1    0.000    0.000    0.000    0.000 {built-in method math.sqrt}
      121    0.000    0.000    0.000    0.000 {method 'pop' of 'dict' objects}
        1    0.000    0.000    0.000    0.000 {built-in method posix.register_at_fork}
      243    0.000    0.000    0.000    0.000 _parser.py:240(__next)
       99    0.000    0.000    0.000    0.000 inspect.py:3076(<genexpr>)
        1    0.000    0.000    0.000    0.000 _datasource.py:1(<module>)
        9    0.000    0.000    0.000    0.000 overrides.py:30(finalize_array_function_like)
      106    0.000    0.000    0.000    0.000 {method 'match' of 're.Pattern' objects}
        1    0.000    0.000    0.000    0.000 typing.py:738(_make_union)
        1    0.000    0.000    0.000    0.000 {method 'sum' of 'numpy.ndarray' objects}
      106    0.000    0.000    0.000    0.000 {built-in method _imp.find_frozen}
       11    0.000    0.000    0.000    0.000 <frozen importlib._bootstrap_external>:703(_validate_timestamp_pyc)
        8    0.000    0.000    0.000    0.000 <frozen importlib._bootstrap_external>:164(_path_isdir)
       54    0.000    0.000    0.000    0.000 enum.py:1543(_get_value)
        2    0.000    0.000    0.000    0.000 {built-in method builtins.sorted}
        5    0.000    0.000    0.000    0.000 typing.py:1123(_generic_init_subclass)
       82    0.000    0.000    0.000    0.000 <frozen importlib._bootstrap_external>:731(_validate_hash_pyc)
      106    0.000    0.000    0.000    0.000 <frozen importlib._bootstrap>:599(__init__)
        5    0.000    0.000    0.000    0.000 typing.py:1753(_get_protocol_attrs)
        1    0.000    0.000    0.000    0.000 mixins.py:60(NDArrayOperatorsMixin)
       15    0.000    0.000    0.000    0.000 {built-in method builtins.delattr}
        3    0.000    0.000    0.000    0.000 {built-in method numpy.empty}
        1    0.000    0.000    0.000    0.000 __init__.py:265(_reset_cache)
      106    0.000    0.000    0.000    0.000 {built-in method _thread.allocate_lock}
      115    0.000    0.000    0.000    0.000 {built-in method from_bytes}
      107    0.000    0.000    0.000    0.000 _parser.py:176(append)
        1    0.000    0.000    0.000    0.000 {method 'dot' of 'numpy.ndarray' objects}
        4    0.000    0.000    0.000    0.000 enum.py:966(_get_mixins_)
        3    0.000    0.000    0.000    0.000 __init__.py:509(PYFUNCTYPE)
        1    0.000    0.000    0.000    0.000 pickle.py:1180(_Unpickler)
      117    0.000    0.000    0.000    0.000 {method 'isidentifier' of 'str' objects}
        1    0.000    0.000    0.000    0.000 _asarray.py:1(<module>)
        1    0.000    0.000    0.000    0.000 _polynomial_impl.py:711(polyval)
        2    0.000    0.000    0.000    0.000 {built-in method _ctypes.POINTER}
        2    0.000    0.000    0.000    0.000 __init__.py:73(CFUNCTYPE)
        5    0.000    0.000    0.000    0.000 _parser.py:98(closegroup)
        1    0.000    0.000    0.000    0.000 numeric.py:909(outer)
      126    0.000    0.000    0.000    0.000 typing.py:1629(_value_and_type_iter)
       93    0.000    0.000    0.000    0.000 enum.py:1128(__new__)
      108    0.000    0.000    0.000    0.000 __init__.py:17(set_module)
       15    0.000    0.000    0.000    0.000 enum.py:784(__delattr__)
        2    0.000    0.000    0.000    0.000 <frozen _collections_abc>:811(__contains__)
      104    0.000    0.000    0.000    0.000 typing.py:1634(__eq__)
        1    0.000    0.000    0.000    0.000 _dtype.py:1(<module>)
       10    0.000    0.000    0.000    0.000 <frozen os>:791(encode)
       21    0.000    0.000    0.000    0.000 {built-in method builtins.locals}
        4    0.000    0.000    0.000    0.000 <frozen os>:709(__getitem__)
      186    0.000    0.000    0.000    0.000 {built-in method builtins.issubclass}
        1    0.000    0.000    0.000    0.000 random.py:110(Random)
      113    0.000    0.000    0.000    0.000 {method '__contains__' of 'frozenset' objects}
        2    0.000    0.000    0.000    0.000 <frozen os>:717(__setitem__)
      107    0.000    0.000    0.000    0.000 <frozen importlib._bootstrap>:412(__init__)
        4    0.000    0.000    0.000    0.000 _compiler.py:391(_mk_bitmap)
        1    0.000    0.000    0.000    0.000 __config__.py:14(DisplayModes)
       48    0.000    0.000    0.000    0.000 inspect.py:378(isfunction)
      100    0.000    0.000    0.000    0.000 _parser.py:256(match)
        1    0.000    0.000    0.000    0.000 _methods.py:47(_sum)
       15    0.000    0.000    0.000    0.000 _compiler.py:403(_simple)
        1    0.000    0.000    0.000    0.000 __init__.py:343(__init__)
        1    0.000    0.000    0.000    0.000 {built-in method numpy.arange}
        1    0.000    0.000    0.000    0.000 _add_newdocs_scalars.py:18(numeric_type_aliases)
        1    0.000    0.000    0.000    0.000 _string_helpers.py:1(<module>)
        1    0.000    0.000    0.000    0.000 {method 'disable' of '_lsprof.Profiler' objects}
        1    0.000    0.000    0.000    0.000 {method 'reduce' of 'numpy.ufunc' objects}
       24    0.000    0.000    0.000    0.000 numerictypes.py:594(_scalar_type_key)
        2    0.000    0.000    0.000    0.000 enum.py:1034(_find_new_)
        1    0.000    0.000    0.000    0.000 _array_api_info.py:1(<module>)
        9    0.000    0.000    0.000    0.000 enum.py:849(__setattr__)
       46    0.000    0.000    0.000    0.000 _add_newdocs_scalars.py:89(<genexpr>)
        1    0.000    0.000    0.000    0.000 _scalars.py:1(<module>)
        4    0.000    0.000    0.000    0.000 enum.py:1007(_find_data_type_)
       61    0.000    0.000    0.000    0.000 _parser.py:164(__len__)
        1    0.000    0.000    0.000    0.000 getlimits.py:178(__new__)
        1    0.000    0.000    0.000    0.000 {built-in method builtins.dir}
        3    0.000    0.000    0.000    0.000 _ufunc_config.py:472(__enter__)
       80    0.000    0.000    0.000    0.000 {method 'strip' of 'str' objects}
        5    0.000    0.000    0.000    0.000 {method 'sort' of 'list' objects}
       13    0.000    0.000    0.000    0.000 mixins.py:45(_numeric_methods)
        1    0.000    0.000    0.000    0.000 multiarray.py:81(_override___module__)
       12    0.000    0.000    0.000    0.000 _compiler.py:216(_compile_charset)
        1    0.000    0.000    0.000    0.000 getlimits.py:60(finfo)
      104    0.000    0.000    0.000    0.000 <frozen importlib._bootstrap>:653(has_location)
        2    0.000    0.000    0.000    0.000 {built-in method posix.uname}
       93    0.000    0.000    0.000    0.000 <frozen importlib._bootstrap_external>:1157(__init__)
       47    0.000    0.000    0.000    0.000 _parser.py:293(tell)
        3    0.000    0.000    0.000    0.000 _ufunc_config.py:488(__exit__)
       13    0.000    0.000    0.000    0.000 enum.py:79(_is_private)
       10    0.000    0.000    0.000    0.000 _parser.py:449(_uniq)
       16    0.000    0.000    0.000    0.000 _add_newdocs_scalars.py:19(type_aliases_gen)
        2    0.000    0.000    0.000    0.000 arrayprint.py:577(decorating_function)
        1    0.000    0.000    0.000    0.000 numbers.py:57(Complex)
        1    0.000    0.000    0.000    0.000 _linalg.py:84(EigResult)
        9    0.000    0.000    0.000    0.000 {built-in method _sre.compile}
        2    0.000    0.000    0.000    0.000 functools.py:521(decorating_function)
        1    0.000    0.000    0.000    0.000 _array_like.py:36(_SupportsArrayFunc)
        2    0.000    0.000    0.000    0.000 <frozen _collections_abc>:804(get)
        9    0.000    0.000    0.000    0.000 _parser.py:231(__init__)
      9/8    0.000    0.000    0.000    0.000 _compiler.py:441(_get_literal_prefix)
        1    0.000    0.000    0.000    0.000 __init__.py:890(hugepage_setup)
        1    0.000    0.000    0.000    0.000 _arrayterator_impl.py:1(<module>)
       67    0.000    0.000    0.000    0.000 {method 'items' of 'dict' objects}
      121    0.000    0.000    0.000    0.000 {built-in method builtins.ord}
        1    0.000    0.000    0.000    0.000 _dtype_ctypes.py:1(<module>)
        1    0.000    0.000    0.000    0.000 _pytesttester.py:1(<module>)
        1    0.000    0.000    0.000    0.000 _ufunc.py:1(<module>)
       93    0.000    0.000    0.000    0.000 <frozen importlib._bootstrap_external>:1182(get_filename)
        4    0.000    0.000    0.000    0.000 warnings.py:184(_add_filter)
       13    0.000    0.000    0.000    0.000 enum.py:59(_is_sunder)
       42    0.000    0.000    0.000    0.000 {method 'find' of 'bytearray' objects}
        1    0.000    0.000    0.000    0.000 _linalg.py:100(SVDResult)
        1    0.000    0.000    0.000    0.000 _expired_attrs_2_0.py:1(<module>)
       75    0.000    0.000    0.000    0.000 inspect.py:2796(name)
        1    0.000    0.000    0.000    0.000 _add_newdocs_scalars.py:54(_get_platform_and_machine)
       20    0.000    0.000    0.000    0.000 typing.py:1088(<genexpr>)
        2    0.000    0.000    0.000    0.000 <frozen os>:723(__delitem__)
       93    0.000    0.000    0.000    0.000 <frozen importlib._bootstrap_external>:990(create_module)
        5    0.000    0.000    0.000    0.000 _parser.py:86(opengroup)
        3    0.000    0.000    0.000    0.000 typing.py:2145(runtime_checkable)
        7    0.000    0.000    0.000    0.000 _parser.py:372(_escape)
        4    0.000    0.000    0.000    0.000 _parser.py:274(getuntil)
        1    0.000    0.000    0.000    0.000 _iotools.py:452(StringConverter)
        1    0.000    0.000    0.000    0.000 _polynomial_impl.py:1093(poly1d)
        2    0.000    0.000    0.000    0.000 _linalg.py:189(_commonType)
        1    0.000    0.000    0.000    0.000 _linalg.py:88(EighResult)
        1    0.000    0.000    0.000    0.000 pickle.py:404(_Pickler)
       11    0.000    0.000    0.000    0.000 enum.py:48(_is_dunder)
        1    0.000    0.000    0.000    0.000 contextlib.py:272(contextmanager)
       60    0.000    0.000    0.000    0.000 {built-in method builtins.callable}
       28    0.000    0.000    0.000    0.000 _parser.py:83(groups)
       22    0.000    0.000    0.000    0.000 _type_aliases.py:128(<lambda>)
        1    0.000    0.000    0.000    0.000 numeric.py:97(zeros_like)
       30    0.000    0.000    0.000    0.000 {method 'get' of 'mappingproxy' objects}
        6    0.000    0.000    0.000    0.000 _exceptions.py:16(_display_as_base)
        1    0.000    0.000    0.000    0.000 _linalg.py:92(QRResult)
        1    0.000    0.000    0.000    0.000 _linalg.py:96(SlogdetResult)
        1    0.000    0.000    0.000    0.000 warnings.py:168(simplefilter)
       13    0.000    0.000    0.000    0.000 enum.py:70(_is_internal_class)
       18    0.000    0.000    0.000    0.000 {built-in method _struct.calcsize}
        1    0.000    0.000    0.000    0.000 defmatrix.py:73(matrix)
        1    0.000    0.000    0.000    0.000 _internal.py:253(_missing_ctypes)
        5    0.000    0.000    0.000    0.000 enum.py:38(_is_descriptor)
       38    0.000    0.000    0.000    0.000 {built-in method sys.intern}
       85    0.000    0.000    0.000    0.000 _compat_pickle.py:167(<genexpr>)
        1    0.000    0.000    0.000    0.000 <frozen _collections_abc>:469(__new__)
       18    0.000    0.000    0.000    0.000 _compiler.py:575(isstring)
        2    0.000    0.000    0.000    0.000 {built-in method posix.putenv}
        1    0.000    0.000    0.000    0.000 numbers.py:172(Real)
        6    0.000    0.000    0.000    0.000 _nbit_base.py:57(__init_subclass__)
        1    0.000    0.000    0.000    0.000 getlimits.py:234(_init)
       38    0.000    0.000    0.000    0.000 __init__.py:429(<genexpr>)
        6    0.000    0.000    0.000    0.000 typing.py:2344(get_origin)
       23    0.000    0.000    0.000    0.000 overrides.py:180(array_function_from_dispatcher)
        3    0.000    0.000    0.000    0.000 getlimits.py:412(__init__)
       65    0.000    0.000    0.000    0.000 {built-in method _sre.unicode_tolower}
       77    0.000    0.000    0.000    0.000 {built-in method _sre.unicode_iscased}
        7    0.000    0.000    0.000    0.000 {built-in method builtins.any}
        7    0.000    0.000    0.000    0.000 _compiler.py:472(_get_charset_prefix)
        1    0.000    0.000    0.000    0.000 version.py:1(<module>)
        2    0.000    0.000    0.000    0.000 enum.py:956(_check_for_existing_members_)
        3    0.000    0.000    0.000    0.000 {built-in method builtins.all}
        1    0.000    0.000    0.000    0.000 _nbit.py:1(<module>)
       43    0.000    0.000    0.000    0.000 _compat_pickle.py:165(<genexpr>)
        9    0.000    0.000    0.000    0.000 _parser.py:953(fix_flags)
        1    0.000    0.000    0.000    0.000 _array_utils_impl.py:1(<module>)
        1    0.000    0.000    0.000    0.000 _shape.py:1(<module>)
       30    0.000    0.000    0.000    0.000 _parser.py:113(__init__)
        2    0.000    0.000    0.000    0.000 enum.py:383(__init__)
       10    0.000    0.000    0.000    0.000 {method 'encode' of 'str' objects}
        1    0.000    0.000    0.000    0.000 arrayprint.py:1455(StructuredVoidFormat)
        1    0.000    0.000    0.000    0.000 _inspect.py:1(<module>)
        1    0.000    0.000    0.000    0.000 _index_tricks_impl.py:325(AxisConcatenator)
       24    0.000    0.000    0.000    0.000 {built-in method sys.getrecursionlimit}
        1    0.000    0.000    0.000    0.000 _internal.py:262(_ctypes)
       20    0.000    0.000    0.000    0.000 mixins.py:17(_binary_method)
       24    0.000    0.000    0.000    0.000 {built-in method builtins.id}
        1    0.000    0.000    0.000    0.000 _exceptions.py:108(_ArrayMemoryError)
        5    0.000    0.000    0.000    0.000 {method 'astype' of 'numpy.ndarray' objects}
       38    0.000    0.000    0.000    0.000 {built-in method _ctypes.sizeof}
        1    0.000    0.000    0.000    0.000 {built-in method numpy._core._multiarray_umath._populate_finfo_constants}
        1    0.000    0.000    0.000    0.000 getlimits.py:354(iinfo)
        1    0.000    0.000    0.000    0.000 random.py:222(__init_subclass__)
       13    0.000    0.000    0.000    0.000 mixins.py:37(_inplace_binary_method)
        8    0.000    0.000    0.000    0.000 functools.py:968(__init__)
        1    0.000    0.000    0.000    0.000 _globals.py:53(__new__)
        1    0.000    0.000    0.000    0.000 __init__.py:442(LibraryLoader)
        3    0.000    0.000    0.000    0.000 {built-in method numpy._core._multiarray_umath._make_extobj}
        1    0.000    0.000    0.000    0.000 warnings.py:484(__enter__)
        6    0.000    0.000    0.000    0.000 typing.py:1097(<genexpr>)
        3    0.000    0.000    0.000    0.000 _linalg.py:164(_makearray)
       21    0.000    0.000    0.000    0.000 __init__.py:108(<lambda>)
       16    0.000    0.000    0.000    0.000 _compiler.py:433(_get_iscased)
        1    0.000    0.000    0.000    0.000 {method 'as_arrays' of 'numpy._core._multiarray_umath._array_converter' objects}
        1    0.000    0.000    0.000    0.000 platform.py:849(uname_result)
        2    0.000    0.000    0.000    0.000 enum.py:985(_find_data_repr_)
        5    0.000    0.000    0.000    0.000 enum.py:202(__get__)
        1    0.000    0.000    0.000    0.000 _npyio_impl.py:115(NpzFile)
        7    0.000    0.000    0.000    0.000 {method 'setdefault' of 'dict' objects}
       14    0.000    0.000    0.000    0.000 {method 'islower' of 'str' objects}
        7    0.000    0.000    0.000    0.000 typing.py:295(_check_generic)
        8    0.000    0.000    0.000    0.000 {method 'removeprefix' of 'str' objects}
        4    0.000    0.000    0.000    0.000 {method 'translate' of 'bytearray' objects}
        8    0.000    0.000    0.000    0.000 typing.py:2880(_namedtuple_mro_entries)
        9    0.000    0.000    0.000    0.000 _parser.py:77(__init__)
       14    0.000    0.000    0.000    0.000 mixins.py:27(_reflected_binary_method)
        3    0.000    0.000    0.000    0.000 {method 'reset' of '_contextvars.ContextVar' objects}
       16    0.000    0.000    0.000    0.000 typing.py:2820(<genexpr>)
        1    0.000    0.000    0.000    0.000 stride_tricks.py:1(<module>)
        4    0.000    0.000    0.000    0.000 typing.py:1442(__mro_entries__)
        2    0.000    0.000    0.000    0.000 copyreg.py:12(pickle)
        1    0.000    0.000    0.000    0.000 npyio.py:1(<module>)
        1    0.000    0.000    0.000    0.000 _parser.py:893(_parse_flags)
        2    0.000    0.000    0.000    0.000 {built-in method posix.unsetenv}
        3    0.000    0.000    0.000    0.000 {method 'set' of '_contextvars.ContextVar' objects}
       10    0.000    0.000    0.000    0.000 typing.py:2004(<genexpr>)
       11    0.000    0.000    0.000    0.000 <frozen importlib._bootstrap_external>:1280(__init__)
        1    0.000    0.000    0.000    0.000 numerictypes.py:239(obj2sctype)
        1    0.000    0.000    0.000    0.000 numbers.py:292(Rational)
        4    0.000    0.000    0.000    0.000 _parser.py:304(checkgroupname)
        3    0.000    0.000    0.000    0.000 {method '__array_wrap__' of 'numpy.ndarray' objects}
        1    0.000    0.000    0.000    0.000 random.py:876(SystemRandom)
        1    0.000    0.000    0.000    0.000 _iotools.py:229(NameValidator)
        4    0.000    0.000    0.000    0.000 _linalg.py:183(_realType)
        8    0.000    0.000    0.000    0.000 functools.py:973(__set_name__)
       15    0.000    0.000    0.000    0.000 _parser.py:172(__setitem__)
        1    0.000    0.000    0.000    0.000 {method 'result_type' of 'numpy._core._multiarray_umath._array_converter' objects}
        3    0.000    0.000    0.000    0.000 functools.py:65(wraps)
        2    0.000    0.000    0.000    0.000 functools.py:482(lru_cache)
        7    0.000    0.000    0.000    0.000 typing.py:2568(final)
        1    0.000    0.000    0.000    0.000 _nested_sequence.py:13(_NestedSequence)
        5    0.000    0.000    0.000    0.000 _linalg.py:169(isComplexType)
        1    0.000    0.000    0.000    0.000 warnings.py:505(__exit__)
        1    0.000    0.000    0.000    0.000 _globals.py:32(_NoValueType)
        1    0.000    0.000    0.000    0.000 {method 'reshape' of 'numpy.ndarray' objects}
        1    0.000    0.000    0.000    0.000 _convertions.py:1(<module>)
        3    0.000    0.000    0.000    0.000 _ufunc_config.py:462(__init__)
        1    0.000    0.000    0.000    0.000 _index_tricks_impl.py:549(__init__)
        1    0.000    0.000    0.000    0.000 _arrayterator_impl.py:16(Arrayterator)
        1    0.000    0.000    0.000    0.000 platform.py:801(_Processor)
        1    0.000    0.000    0.000    0.000 _datasource.py:195(DataSource)
        5    0.000    0.000    0.000    0.000 _pytesttester.py:75(__init__)
        1    0.000    0.000    0.000    0.000 _ufunc_config.py:386(errstate)
        3    0.000    0.000    0.000    0.000 typing.py:993(_is_typevar_like)
        6    0.000    0.000    0.000    0.000 _compiler.py:31(_combine_flags)
        1    0.000    0.000    0.000    0.000 {built-in method math.exp}
        1    0.000    0.000    0.000    0.000 _compiler.py:412(_generate_overlap_table)
        2    0.000    0.000    0.000    0.000 {built-in method math.log}
        2    0.000    0.000    0.000    0.000 {method 'ravel' of 'numpy.ndarray' objects}
        1    0.000    0.000    0.000    0.000 pickle.py:194(_Framer)
        1    0.000    0.000    0.000    0.000 memmap.py:23(memmap)
        1    0.000    0.000    0.000    0.000 _index_tricks_impl.py:590(ndenumerate)
        9    0.000    0.000    0.000    0.000 {built-in method numpy.asarray}
        4    0.000    0.000    0.000    0.000 typing.py:2901(<genexpr>)
        1    0.000    0.000    0.000    0.000 records.py:196(record)
        1    0.000    0.000    0.000    0.000 __init__.py:322(CDLL)
        1    0.000    0.000    0.000    0.000 _index_tricks_impl.py:266(__init__)
        1    0.000    0.000    0.000    0.000 _dtype_like.py:29(_DTypeDictBase)
        1    0.000    0.000    0.000    0.000 _function_base_impl.py:2267(vectorize)
        1    0.000    0.000    0.000    0.000 {method 'squeeze' of 'numpy.ndarray' objects}
        1    0.000    0.000    0.000    0.000 _version.py:13(NumpyVersion)
        2    0.000    0.000    0.000    0.000 _index_tricks_impl.py:337(__init__)
        1    0.000    0.000    0.000    0.000 arrayprint.py:977(FloatingFormat)
        1    0.000    0.000    0.000    0.000 records.py:279(recarray)
        1    0.000    0.000    0.000    0.000 _internal.py:591(_Stream)
        1    0.000    0.000    0.000    0.000 _array_api_info.py:29(__array_namespace_info__)
        1    0.000    0.000    0.000    0.000 fromnumeric.py:3482(ndim)
        1    0.000    0.000    0.000    0.000 {built-in method numpy.zeros}
        1    0.000    0.000    0.000    0.000 _index_tricks_impl.py:583(__init__)
        3    0.000    0.000    0.000    0.000 __init__.py:510(CFunctionType)
        6    0.000    0.000    0.000    0.000 {built-in method _warnings._filters_mutated}
        1    0.000    0.000    0.000    0.000 _dtype_like.py:35(_DTypeDict)
        1    0.000    0.000    0.000    0.000 _exceptions.py:37(_UFuncNoLoopError)
        1    0.000    0.000    0.000    0.000 arrayprint.py:1392(DatetimeFormat)
        1    0.000    0.000    0.000    0.000 _datasource.py:532(Repository)
        1    0.000    0.000    0.000    0.000 exceptions.py:108(AxisError)
        1    0.000    0.000    0.000    0.000 warnings.py:458(__init__)
        5    0.000    0.000    0.000    0.000 enum.py:1291(value)
        1    0.000    0.000    0.000    0.000 pickle.py:257(_Unframer)
        5    0.000    0.000    0.000    0.000 enum.py:251(__init__)
        1    0.000    0.000    0.000    0.000 _exceptions.py:52(_UFuncBinaryResolutionError)
        1    0.000    0.000    0.000    0.000 {built-in method _ctypes.dlopen}
        1    0.000    0.000    0.000    0.000 records.py:56(format_parser)
        2    0.000    0.000    0.000    0.000 __init__.py:102(CFunctionType)
        1    0.000    0.000    0.000    0.000 _index_tricks_impl.py:318(__init__)
        1    0.000    0.000    0.000    0.000 _iotools.py:133(LineSplitter)
        1    0.000    0.000    0.000    0.000 {built-in method numpy._core._multiarray_umath.set_typeDict}
        1    0.000    0.000    0.000    0.000 _arraysetops_impl.py:419(UniqueAllResult)
        1    0.000    0.000    0.000    0.000 _datasource.py:97(__init__)
        5    0.000    0.000    0.000    0.000 enum.py:1184(__init__)
        3    0.000    0.000    0.000    0.000 {method 'keys' of 'dict' objects}
        1    0.000    0.000    0.000    0.000 _globals.py:99(_SignatureDescriptor)
        1    0.000    0.000    0.000    0.000 numeric.py:1962(isscalar)
        1    0.000    0.000    0.000    0.000 {method 'wrap' of 'numpy._core._multiarray_umath._array_converter' objects}
        1    0.000    0.000    0.000    0.000 _dtype_like.py:44(_HasDType)
        2    0.000    0.000    0.000    0.000 _index_tricks_impl.py:143(__init__)
        6    0.000    0.000    0.000    0.000 {method 'discard' of 'set' objects}
        1    0.000    0.000    0.000    0.000 __init__.py:157(py_object)
        2    0.000    0.000    0.000    0.000 {method 'setter' of 'property' objects}
        1    0.000    0.000    0.000    0.000 dtypes.py:1(<module>)
        1    0.000    0.000    0.000    0.000 arrayprint.py:1366(_TimelikeFormat)
        1    0.000    0.000    0.000    0.000 _array_like.py:31(_SupportsArray)
        1    0.000    0.000    0.000    0.000 __init__.py:373(_FuncPtr)
        1    0.000    0.000    0.000    0.000 _linalg.py:238(_assert_stacked_square)
        1    0.000    0.000    0.000    0.000 _datasource.py:72(_FileOpeners)
        4    0.000    0.000    0.000    0.000 {method 'insert' of 'list' objects}
        2    0.000    0.000    0.000    0.000 {built-in method sys._getframemodulename}
        1    0.000    0.000    0.000    0.000 _internal.py:211(dummy_ctype)
        1    0.000    0.000    0.000    0.000 _index_tricks_impl.py:107(nd_grid)
        1    0.000    0.000    0.000    0.000 _index_tricks_impl.py:211(MGridClass)
        1    0.000    0.000    0.000    0.000 _nbit_base.py:7(NBitBase)
        1    0.000    0.000    0.000    0.000 _dtype_like.py:49(_HasNumPyDType)
        4    0.000    0.000    0.000    0.000 mixins.py:52(_unary_method)
        2    0.000    0.000    0.000    0.000 {method 'isdisjoint' of 'set' objects}
        1    0.000    0.000    0.000    0.000 numbers.py:37(Number)
        2    0.000    0.000    0.000    0.000 {method 'clear' of 'dict' objects}
        1    0.000    0.000    0.000    0.000 _exceptions.py:67(_UFuncCastingError)
        1    0.000    0.000    0.000    0.000 arrayprint.py:1333(ComplexFloatingFormat)
        2    0.000    0.000    0.000    0.000 arrayprint.py:567(_recursive_guard)
        1    0.000    0.000    0.000    0.000 arrayprint.py:1304(IntegerFormat)
        2    0.000    0.000    0.000    0.000 __init__.py:443(__init__)
        1    0.000    0.000    0.000    0.000 _pytesttester.py:45(PytestTester)
        2    0.000    0.000    0.000    0.000 {method 'values' of 'dict' objects}
        1    0.000    0.000    0.000    0.000 _exceptions.py:76(_UFuncInputCastingError)
        1    0.000    0.000    0.000    0.000 _npyio_impl.py:50(BagObj)
        1    0.000    0.000    0.000    0.000 _exceptions.py:92(_UFuncOutputCastingError)
        1    0.000    0.000    0.000    0.000 arrayprint.py:1429(SubArrayFormat)
        1    0.000    0.000    0.000    0.000 _index_tricks_impl.py:723(IndexExpression)
        1    0.000    0.000    0.000    0.000 _arraysetops_impl.py:426(UniqueCountsResult)
        1    0.000    0.000    0.000    0.000 exceptions.py:47(ComplexWarning)
        1    0.000    0.000    0.000    0.000 exceptions.py:58(ModuleDeprecationWarning)
        1    0.000    0.000    0.000    0.000 _exceptions.py:31(UFuncTypeError)
        1    0.000    0.000    0.000    0.000 _endian.py:23(_swapped_meta)
        1    0.000    0.000    0.000    0.000 _linalg.py:226(_assert_2d)
        1    0.000    0.000    0.000    0.000 _index_tricks_impl.py:640(ndindex)
        1    0.000    0.000    0.000    0.000 _stride_tricks_impl.py:14(DummyArray)
        3    0.000    0.000    0.000    0.000 multiarray.py:1085(copyto)
        1    0.000    0.000    0.000    0.000 {built-in method numpy.promote_types}
        1    0.000    0.000    0.000    0.000 arrayprint.py:1323(BoolFormat)
        1    0.000    0.000    0.000    0.000 pickle.py:97(_Stop)
        1    0.000    0.000    0.000    0.000 arrayprint.py:1424(TimedeltaFormat)
        1    0.000    0.000    0.000    0.000 __init__.py:402(PyDLL)
        1    0.000    0.000    0.000    0.000 _index_tricks_impl.py:452(RClass)
        1    0.000    0.000    0.000    0.000 _arraysetops_impl.py:431(UniqueInverseResult)
        1    0.000    0.000    0.000    0.000 _utils_impl.py:126(_Deprecate)
        1    0.000    0.000    0.000    0.000 introspect.py:1(<module>)
        1    0.000    0.000    0.000    0.000 copyreg.py:22(constructor)
        1    0.000    0.000    0.000    0.000 numerictypes.py:368(_PreprocessDTypeError)
        1    0.000    0.000    0.000    0.000 pickle.py:84(UnpicklingError)
        1    0.000    0.000    0.000    0.000 __init__.py:257(c_wchar_p)
        1    0.000    0.000    0.000    0.000 <frozen _collections_abc>:511(_is_param_expr)
        1    0.000    0.000    0.000    0.000 exceptions.py:75(VisibleDeprecationWarning)
        1    0.000    0.000    0.000    0.000 __init__.py:241(c_char_p)
        1    0.000    0.000    0.000    0.000 _endian.py:48(BigEndianStructure)
        1    0.000    0.000    0.000    0.000 _ufunc_config.py:379(_unspecified)
        1    0.000    0.000    0.000    0.000 _index_tricks_impl.py:273(OGridClass)
        2    0.000    0.000    0.000    0.000 _index_tricks_impl.py:770(__init__)
        1    0.000    0.000    0.000    0.000 {method 'copy' of 'list' objects}
        1    0.000    0.000    0.000    0.000 typing.py:3047(<lambda>)
        1    0.000    0.000    0.000    0.000 exceptions.py:86(RankWarning)
        1    0.000    0.000    0.000    0.000 exceptions.py:96(TooHardError)
        1    0.000    0.000    0.000    0.000 exceptions.py:199(DTypePromotionError)
        1    0.000    0.000    0.000    0.000 {built-in method numpy._core._multiarray_umath._reload_guard}
        1    0.000    0.000    0.000    0.000 _internal.py:257(c_void_p)
        1    0.000    0.000    0.000    0.000 _index_tricks_impl.py:556(CClass)
        1    0.000    0.000    0.000    0.000 _linalg.py:114(LinAlgError)
        1    0.000    0.000    0.000    0.000 <string>:1(<module>)
        1    0.000    0.000    0.000    0.000 __init__.py:224(c_ubyte)
        1    0.000    0.000    0.000    0.000 _endian.py:55(BigEndianUnion)
        1    0.000    0.000    0.000    0.000 _nbit_base.py:65(_128Bit)
        1    0.000    0.000    0.000    0.000 _iotools.py:423(ConverterError)
        1    0.000    0.000    0.000    0.000 {built-in method numpy._core._multiarray_umath._set_madvise_hugepage}
        1    0.000    0.000    0.000    0.000 pickle.py:73(PickleError)
        1    0.000    0.000    0.000    0.000 pickle.py:77(PicklingError)
        1    0.000    0.000    0.000    0.000 function_base.py:22(_linspace_dispatcher)
        1    0.000    0.000    0.000    0.000 __init__.py:166(c_short)
        1    0.000    0.000    0.000    0.000 __init__.py:170(c_ushort)
        1    0.000    0.000    0.000    0.000 __init__.py:174(c_long)
        1    0.000    0.000    0.000    0.000 __init__.py:187(c_int)
        1    0.000    0.000    0.000    0.000 __init__.py:195(c_float)
        1    0.000    0.000    0.000    0.000 __init__.py:199(c_double)
        1    0.000    0.000    0.000    0.000 __init__.py:203(c_longdouble)
        1    0.000    0.000    0.000    0.000 __init__.py:231(c_byte)
        1    0.000    0.000    0.000    0.000 __init__.py:247(c_void_p)
        1    0.000    0.000    0.000    0.000 __init__.py:262(c_wchar)
        1    0.000    0.000    0.000    0.000 _endian.py:34(_swapped_struct_meta)
        1    0.000    0.000    0.000    0.000 _endian.py:35(_swapped_union_meta)
        1    0.000    0.000    0.000    0.000 _linalg.py:2413(_lstsq_dispatcher)
        1    0.000    0.000    0.000    0.000 _nbit_base.py:71(_96Bit)
        1    0.000    0.000    0.000    0.000 _nbit_base.py:76(_64Bit)
        1    0.000    0.000    0.000    0.000 _nbit_base.py:91(_8Bit)
        1    0.000    0.000    0.000    0.000 _twodim_base_impl.py:555(_vander_dispatcher)
        1    0.000    0.000    0.000    0.000 _iotools.py:431(ConverterLockError)
        1    0.000    0.000    0.000    0.000 _iotools.py:439(ConversionWarning)
        1    0.000    0.000    0.000    0.000 multiarray.py:748(dot)
        1    0.000    0.000    0.000    0.000 __init__.py:178(c_ulong)
        1    0.000    0.000    0.000    0.000 __init__.py:236(c_char)
        1    0.000    0.000    0.000    0.000 _nbit_base.py:81(_32Bit)
        1    0.000    0.000    0.000    0.000 _nbit_base.py:86(_16Bit)
        1    0.000    0.000    0.000    0.000 _polynomial_impl.py:707(_polyval_dispatcher)
        1    0.000    0.000    0.000    0.000 multiarray.py:115(empty_like)
        1    0.000    0.000    0.000    0.000 {built-in method numpy.asanyarray}
        1    0.000    0.000    0.000    0.000 numeric.py:91(_zeros_like_dispatcher)
        1    0.000    0.000    0.000    0.000 numeric.py:905(_outer_dispatcher)
        1    0.000    0.000    0.000    0.000 fromnumeric.py:3478(_ndim_dispatcher)
        1    0.000    0.000    0.000    0.000 __init__.py:191(c_uint)
        1    0.000    0.000    0.000    0.000 __init__.py:252(c_bool)
        1    0.000    0.000    0.000    0.000 _linalg.py:532(_unary_dispatcher)
        1    0.000    0.000    0.000    0.000 _polynomial_impl.py:454(_polyfit_dispatcher)


